<?xml version="1.0" encoding="UTF-8"?>
<!-- Generated by org.testng.reporters.JUnitReportReporter -->
<testsuite hostname="acer-PC" failures="0" tests="2" name="DataDriven" time="0.013" errors="0" timestamp="2022-05-19T17:17:24 IST" skipped="0">
  <testcase classname="DataDriven" name="data" time="0.011"/>
  <system-out/>
  <testcase classname="DataDriven" name="data" time="0.002"/>
  <system-out/>
</testsuite> <!-- DataDriven -->
